2024.04.25 18:24:16 INFO  Started: Metals version 1.3.0 in folders '/Users/nicolascorchuelo/Documents/projects/portfolio/languages_programming/python/python_for_data' for client Visual Studio Code 1.88.1.
SLF4J: Class path contains multiple SLF4J providers.
SLF4J: Found provider [scribe.slf4j.ScribeServiceProvider@4fdb1e52]
SLF4J: Found provider [ch.qos.logback.classic.spi.LogbackServiceProvider@742e7d64]
SLF4J: See https://www.slf4j.org/codes.html#multiple_bindings for an explanation.
SLF4J: Actual provider is of type [scribe.slf4j.ScribeServiceProvider@4fdb1e52]
2024.04.25 18:24:16 WARN  Flyway upgrade recommended: H2 2.2.224 is newer than this version of Flyway and support has not been tested. The latest supported version of H2 is 2.2.220.
2024.04.25 18:24:16 WARN  no build tool detected in workspace '/Users/nicolascorchuelo/Documents/projects/portfolio/languages_programming/python/python_for_data'. The most common cause for this problem is that the editor was opened in the wrong working directory, for example if you use sbt then the workspace directory should contain build.sbt. 
2024.04.25 18:24:16 WARN  Build server is not auto-connectable.
2024.04.25 23:08:40 INFO  Shutting down server
2024.04.25 23:08:40 INFO  shutting down Metals
2024.04.25 23:08:40 INFO  Exiting server
2024.04.30 10:28:45 INFO  Started: Metals version 1.3.0 in folders '/Users/nicolascorchuelo/Documents/projects/portfolio/languages_programming/python/python_for_data' for client Visual Studio Code 1.88.1.
SLF4J: Class path contains multiple SLF4J providers.
SLF4J: Found provider [scribe.slf4j.ScribeServiceProvider@616b9579]
SLF4J: Found provider [ch.qos.logback.classic.spi.LogbackServiceProvider@5a3470cd]
SLF4J: See https://www.slf4j.org/codes.html#multiple_bindings for an explanation.
SLF4J: Actual provider is of type [scribe.slf4j.ScribeServiceProvider@616b9579]
2024.04.30 10:28:46 WARN  Flyway upgrade recommended: H2 2.2.224 is newer than this version of Flyway and support has not been tested. The latest supported version of H2 is 2.2.220.
2024.04.30 10:28:46 WARN  no build tool detected in workspace '/Users/nicolascorchuelo/Documents/projects/portfolio/languages_programming/python/python_for_data'. The most common cause for this problem is that the editor was opened in the wrong working directory, for example if you use sbt then the workspace directory should contain build.sbt. 
2024.04.30 10:28:46 WARN  Build server is not auto-connectable.
Apr 30, 2024 10:39:49 AM org.eclipse.lsp4j.jsonrpc.RemoteEndpoint handleNotification
WARNING: Notification threw an exception: {
  "jsonrpc": "2.0",
  "method": "metals/didFocusTextDocument",
  "params": [
    "vscode-chat-code-block://d3cd86da-7e25-4837-bc9e-343558cfaa3c/response_4/0#%7B%22references%22%3A%5B%7B%22uri%22%3A%7B%22%24mid%22%3A1%2C%22fsPath%22%3A%22%2FUsers%2Fnicolascorchuelo%2FDocuments%2Fprojects%2Fportfolio%2Flanguages_programming%2Fpython%2Fpython_for_data%2Fetl_file_to_db%2Ffuntions.py%22%2C%22external%22%3A%22file%3A%2F%2F%2FUsers%2Fnicolascorchuelo%2FDocuments%2Fprojects%2Fportfolio%2Flanguages_programming%2Fpython%2Fpython_for_data%2Fetl_file_to_db%2Ffuntions.py%22%2C%22path%22%3A%22%2FUsers%2Fnicolascorchuelo%2FDocuments%2Fprojects%2Fportfolio%2Flanguages_programming%2Fpython%2Fpython_for_data%2Fetl_file_to_db%2Ffuntions.py%22%2C%22scheme%22%3A%22file%22%7D%2C%22range%22%3A%7B%22startLineNumber%22%3A5%2C%22startColumn%22%3A9%2C%22endLineNumber%22%3A5%2C%22endColumn%22%3A14%7D%7D%5D%7D"
  ]
}
java.lang.RuntimeException: java.lang.reflect.InvocationTargetException
	at org.eclipse.lsp4j.jsonrpc.services.GenericEndpoint.lambda$null$0(GenericEndpoint.java:67)
	at org.eclipse.lsp4j.jsonrpc.services.GenericEndpoint.notify(GenericEndpoint.java:152)
	at org.eclipse.lsp4j.jsonrpc.RemoteEndpoint.handleNotification(RemoteEndpoint.java:220)
	at org.eclipse.lsp4j.jsonrpc.RemoteEndpoint.consume(RemoteEndpoint.java:187)
	at org.eclipse.lsp4j.jsonrpc.json.StreamMessageProducer.handleMessage(StreamMessageProducer.java:194)
	at org.eclipse.lsp4j.jsonrpc.json.StreamMessageProducer.listen(StreamMessageProducer.java:94)
	at org.eclipse.lsp4j.jsonrpc.json.ConcurrentMessageProcessor.run(ConcurrentMessageProcessor.java:113)
	at java.base/java.util.concurrent.Executors$RunnableAdapter.call(Executors.java:572)
	at java.base/java.util.concurrent.FutureTask.run(FutureTask.java:317)
	at java.base/java.util.concurrent.ThreadPoolExecutor.runWorker(ThreadPoolExecutor.java:1144)
	at java.base/java.util.concurrent.ThreadPoolExecutor$Worker.run(ThreadPoolExecutor.java:642)
	at java.base/java.lang.Thread.run(Thread.java:1583)
Caused by: java.lang.reflect.InvocationTargetException
	at java.base/jdk.internal.reflect.DirectMethodHandleAccessor.invoke(DirectMethodHandleAccessor.java:118)
	at java.base/java.lang.reflect.Method.invoke(Method.java:580)
	at org.eclipse.lsp4j.jsonrpc.services.GenericEndpoint.lambda$null$0(GenericEndpoint.java:65)
	... 11 more
Caused by: java.nio.file.FileSystemNotFoundException: Provider "vscode-chat-code-block" not installed
	at java.base/java.nio.file.Path.of(Path.java:213)
	at java.base/java.nio.file.Paths.get(Paths.java:98)
	at scala.meta.internal.mtags.MtagsEnrichments$XtensionURIMtags.toAbsolutePath(MtagsEnrichments.scala:131)
	at scala.meta.internal.mtags.MtagsEnrichments$XtensionStringMtags.toAbsolutePath(MtagsEnrichments.scala:187)
	at scala.meta.internal.metals.MetalsEnrichments$XtensionString.toAbsolutePath(MetalsEnrichments.scala:732)
	at scala.meta.internal.metals.MetalsEnrichments$XtensionString.toAbsolutePath(MetalsEnrichments.scala:729)
	at scala.meta.internal.metals.WorkspaceLspService.didFocus(WorkspaceLspService.scala:639)
	at scala.meta.metals.lsp.DelegatingScalaService.didFocus(DelegatingScalaService.scala:43)
	at java.base/jdk.internal.reflect.DirectMethodHandleAccessor.invoke(DirectMethodHandleAccessor.java:103)
	... 13 more

2024.05.01 22:31:13 INFO  Shutting down server
2024.05.01 22:31:13 INFO  shutting down Metals
2024.05.01 22:31:13 INFO  Exiting server
2024.05.02 09:56:59 INFO  Started: Metals version 1.3.0 in folders '/Users/nicolascorchuelo/Documents/projects/portfolio/languages_programming/python/python_for_data' for client Visual Studio Code 1.88.1.
SLF4J: Class path contains multiple SLF4J providers.
SLF4J: Found provider [scribe.slf4j.ScribeServiceProvider@304bce6f]
SLF4J: Found provider [ch.qos.logback.classic.spi.LogbackServiceProvider@4ddff697]
SLF4J: See https://www.slf4j.org/codes.html#multiple_bindings for an explanation.
SLF4J: Actual provider is of type [scribe.slf4j.ScribeServiceProvider@304bce6f]
2024.05.02 09:57:00 WARN  Flyway upgrade recommended: H2 2.2.224 is newer than this version of Flyway and support has not been tested. The latest supported version of H2 is 2.2.220.
2024.05.02 09:57:00 WARN  no build tool detected in workspace '/Users/nicolascorchuelo/Documents/projects/portfolio/languages_programming/python/python_for_data'. The most common cause for this problem is that the editor was opened in the wrong working directory, for example if you use sbt then the workspace directory should contain build.sbt. 
2024.05.02 09:57:00 WARN  Build server is not auto-connectable.
May 02, 2024 9:57:54 AM org.eclipse.lsp4j.jsonrpc.services.GenericEndpoint notify
INFO: Unsupported notification method: $/setTrace
May 02, 2024 9:57:58 AM org.eclipse.lsp4j.jsonrpc.services.GenericEndpoint notify
INFO: Unsupported notification method: $/setTrace
May 02, 2024 9:57:58 AM org.eclipse.lsp4j.jsonrpc.services.GenericEndpoint notify
INFO: Unsupported notification method: $/setTrace
2024.05.02 09:59:52 INFO  Shutting down server
2024.05.02 09:59:52 INFO  shutting down Metals
2024.05.02 09:59:52 INFO  Exiting server
